<?xml version="1.0" encoding="UTF-8"?>
<!-- Generated by org.testng.reporters.JUnitReportReporter -->
<testsuite hostname="LTIN207196" failures="0" tests="1" name="testcase.TC3" time="12.417" errors="0" timestamp="2024-02-14T11:18:25 IST" skipped="0">
  <testcase classname="testcase.TC3" name="thirdcase" time="12.417"/>
</testsuite> <!-- testcase.TC3 -->
