<?xml version="1.0" encoding="UTF-8"?>
<!-- Generated by org.testng.reporters.JUnitReportReporter -->
<testsuite hostname="LTIN207196" failures="0" tests="1" name="testcase.TC2" time="17.009" errors="0" timestamp="2024-02-14T12:36:04 IST" skipped="0">
  <testcase classname="testcase.TC2" name="secondcase" time="17.009"/>
</testsuite> <!-- testcase.TC2 -->
