<?xml version="1.0" encoding="UTF-8"?>
<!-- Generated by org.testng.reporters.JUnitReportReporter -->
<testsuite hostname="LTIN191515" failures="0" tests="1" name="testcase.TC1" time="27.809" errors="0" timestamp="2024-02-09T09:51:10 IST" skipped="0">
  <testcase classname="testcase.TC1" name="makemytrip" time="27.809"/>
</testsuite> <!-- testcase.TC1 -->
